0 info it worked if it ends with ok
1 verbose cli [ 'node', '/usr/local/bin/npm', 'install', 'request', '-g' ]
2 info using npm@1.4.28
3 info using node@v0.10.32
4 verbose cache add [ 'request', null ]
5 verbose cache add name=undefined spec="request" args=["request",null]
6 verbose parsed url { protocol: null,
6 verbose parsed url   slashes: null,
6 verbose parsed url   auth: null,
6 verbose parsed url   host: null,
6 verbose parsed url   port: null,
6 verbose parsed url   hostname: null,
6 verbose parsed url   hash: null,
6 verbose parsed url   search: null,
6 verbose parsed url   query: null,
6 verbose parsed url   pathname: 'request',
6 verbose parsed url   path: 'request',
6 verbose parsed url   href: 'request' }
7 silly lockFile 088e29b0-request request
8 verbose lock request /Users/gregorengelmann/.npm/088e29b0-request.lock
9 silly lockFile 088e29b0-request request
10 silly lockFile 088e29b0-request request
11 verbose addNamed [ 'request', '' ]
12 verbose addNamed [ null, '*' ]
13 silly lockFile 9d461bcf-request request@
14 verbose lock request@ /Users/gregorengelmann/.npm/9d461bcf-request.lock
15 silly addNameRange { name: 'request', range: '*', hasData: false }
16 verbose request where is /request
17 verbose request registry https://registry.npmjs.org/
18 verbose request id 1056f58fb2cc7887
19 verbose url raw /request
20 verbose url resolving [ 'https://registry.npmjs.org/', './request' ]
21 verbose url resolved https://registry.npmjs.org/request
22 verbose request where is https://registry.npmjs.org/request
23 info trying registry request attempt 1 at 02:55:15
24 http GET https://registry.npmjs.org/request
25 http 200 https://registry.npmjs.org/request
26 silly registry.get cb [ 200,
26 silly registry.get   { date: 'Sun, 26 Oct 2014 02:55:18 GMT',
26 silly registry.get     server: 'CouchDB/1.5.0 (Erlang OTP/R16B03)',
26 silly registry.get     etag: '"EG63G7Z36IXWK5NHWBIEA81QU"',
26 silly registry.get     'content-type': 'application/json',
26 silly registry.get     'cache-control': 'max-age=60',
26 silly registry.get     'content-length': '119307',
26 silly registry.get     'accept-ranges': 'bytes',
26 silly registry.get     via: '1.1 varnish',
26 silly registry.get     age: '1274',
26 silly registry.get     'x-served-by': 'cache-fra1247-FRA',
26 silly registry.get     'x-cache': 'HIT',
26 silly registry.get     'x-cache-hits': '1',
26 silly registry.get     'x-timer': 'S1414292117.676792,VS0,VE721',
26 silly registry.get     vary: 'Accept',
26 silly registry.get     'keep-alive': 'timeout=10, max=50',
26 silly registry.get     connection: 'Keep-Alive' } ]
27 silly addNameRange number 2 { name: 'request', range: '*', hasData: true }
28 silly addNameRange versions [ 'request',
28 silly addNameRange   [ '0.10.0',
28 silly addNameRange     '0.8.3',
28 silly addNameRange     '0.9.0',
28 silly addNameRange     '0.9.1',
28 silly addNameRange     '0.9.5',
28 silly addNameRange     '1.0.0',
28 silly addNameRange     '1.1.0',
28 silly addNameRange     '1.1.1',
28 silly addNameRange     '1.2.0',
28 silly addNameRange     '1.9.0',
28 silly addNameRange     '1.9.1',
28 silly addNameRange     '1.9.2',
28 silly addNameRange     '1.9.3',
28 silly addNameRange     '1.9.5',
28 silly addNameRange     '1.9.7',
28 silly addNameRange     '1.9.8',
28 silly addNameRange     '1.9.9',
28 silly addNameRange     '2.0.0',
28 silly addNameRange     '2.0.1',
28 silly addNameRange     '2.0.2',
28 silly addNameRange     '2.0.3',
28 silly addNameRange     '2.0.4',
28 silly addNameRange     '2.0.5',
28 silly addNameRange     '2.1.0',
28 silly addNameRange     '2.1.1',
28 silly addNameRange     '2.2.0',
28 silly addNameRange     '2.2.5',
28 silly addNameRange     '2.2.6',
28 silly addNameRange     '2.2.9',
28 silly addNameRange     '2.9.0',
28 silly addNameRange     '2.9.1',
28 silly addNameRange     '2.9.2',
28 silly addNameRange     '2.9.3',
28 silly addNameRange     '2.9.100',
28 silly addNameRange     '2.9.150',
28 silly addNameRange     '2.9.151',
28 silly addNameRange     '2.9.152',
28 silly addNameRange     '2.9.153',
28 silly addNameRange     '2.9.200',
28 silly addNameRange     '2.9.201',
28 silly addNameRange     '2.9.202',
28 silly addNameRange     '2.9.203',
28 silly addNameRange     '2.10.0',
28 silly addNameRange     '2.11.0',
28 silly addNameRange     '2.11.1',
28 silly addNameRange     '2.11.2',
28 silly addNameRange     '2.11.3',
28 silly addNameRange     '2.11.4',
28 silly addNameRange     '2.12.0',
28 silly addNameRange     '2.14.0',
28 silly addNameRange     '2.16.0',
28 silly addNameRange     '2.16.2',
28 silly addNameRange     '2.16.4',
28 silly addNameRange     '2.16.6',
28 silly addNameRange     '2.18.0',
28 silly addNameRange     '2.19.0',
28 silly addNameRange     '2.20.0',
28 silly addNameRange     '2.21.0',
28 silly addNameRange     '2.22.0',
28 silly addNameRange     '2.23.0',
28 silly addNameRange     '2.24.0',
28 silly addNameRange     '2.25.0',
28 silly addNameRange     '2.26.0',
28 silly addNameRange     '2.27.0',
28 silly addNameRange     '2.28.0',
28 silly addNameRange     '2.29.0',
28 silly addNameRange     '2.30.0',
28 silly addNameRange     '2.31.0',
28 silly addNameRange     '2.32.0',
28 silly addNameRange     '2.33.0',
28 silly addNameRange     '2.34.0',
28 silly addNameRange     '2.35.0',
28 silly addNameRange     '2.36.0',
28 silly addNameRange     '2.37.0',
28 silly addNameRange     '2.38.0',
28 silly addNameRange     '2.39.0',
28 silly addNameRange     '2.40.0',
28 silly addNameRange     '2.41.0',
28 silly addNameRange     '2.42.0',
28 silly addNameRange     '2.43.0',
28 silly addNameRange     '2.44.0',
28 silly addNameRange     '2.45.0',
28 silly addNameRange     '2.46.0' ] ]
29 verbose addNamed [ 'request', '2.46.0' ]
30 verbose addNamed [ '2.46.0', '2.46.0' ]
31 silly lockFile 2f808d10-request-2-46-0 request@2.46.0
32 verbose lock request@2.46.0 /Users/gregorengelmann/.npm/2f808d10-request-2-46-0.lock
33 silly lockFile 637d4f79-s-org-request-request-2-46-0-tgz https://registry.npmjs.org/request/-/request-2.46.0.tgz
34 verbose lock https://registry.npmjs.org/request/-/request-2.46.0.tgz /Users/gregorengelmann/.npm/637d4f79-s-org-request-request-2-46-0-tgz.lock
35 verbose addRemoteTarball [ 'https://registry.npmjs.org/request/-/request-2.46.0.tgz',
35 verbose addRemoteTarball   '359195d52eaf720bc69742579d04ad6d265a8274' ]
36 info retry fetch attempt 1 at 02:55:17
37 verbose fetch to= /var/folders/xn/bkbzx2hs1jzfr_cz17hrbcdm0000gn/T/npm-4209-1jdehdgo/registry.npmjs.org/request/-/request-2.46.0.tgz
38 http GET https://registry.npmjs.org/request/-/request-2.46.0.tgz
39 http 200 https://registry.npmjs.org/request/-/request-2.46.0.tgz
40 silly lockFile 637d4f79-s-org-request-request-2-46-0-tgz https://registry.npmjs.org/request/-/request-2.46.0.tgz
41 silly lockFile 637d4f79-s-org-request-request-2-46-0-tgz https://registry.npmjs.org/request/-/request-2.46.0.tgz
42 silly lockFile 2f808d10-request-2-46-0 request@2.46.0
43 silly lockFile 2f808d10-request-2-46-0 request@2.46.0
44 silly lockFile 9d461bcf-request request@
45 silly lockFile 9d461bcf-request request@
46 silly resolved [ { name: 'request',
46 silly resolved     description: 'Simplified HTTP request client.',
46 silly resolved     tags: [ 'http', 'simple', 'util', 'utility' ],
46 silly resolved     version: '2.46.0',
46 silly resolved     author: { name: 'Mikeal Rogers', email: 'mikeal.rogers@gmail.com' },
46 silly resolved     repository: { type: 'git', url: 'https://github.com/mikeal/request.git' },
46 silly resolved     bugs: { url: 'http://github.com/mikeal/request/issues' },
46 silly resolved     license: 'Apache-2.0',
46 silly resolved     engines: { node: '>=0.8.0' },
46 silly resolved     main: 'index.js',
46 silly resolved     dependencies:
46 silly resolved      { bl: '~0.9.0',
46 silly resolved        caseless: '~0.6.0',
46 silly resolved        'forever-agent': '~0.5.0',
46 silly resolved        'form-data': '~0.1.0',
46 silly resolved        'json-stringify-safe': '~5.0.0',
46 silly resolved        'mime-types': '~1.0.1',
46 silly resolved        'node-uuid': '~1.4.0',
46 silly resolved        qs: '~1.2.0',
46 silly resolved        'tunnel-agent': '~0.4.0',
46 silly resolved        'tough-cookie': '>=0.12.0',
46 silly resolved        'http-signature': '~0.10.0',
46 silly resolved        'oauth-sign': '~0.4.0',
46 silly resolved        hawk: '1.1.1',
46 silly resolved        'aws-sign2': '~0.5.0',
46 silly resolved        stringstream: '~0.0.4' },
46 silly resolved     scripts:
46 silly resolved      { test: 'npm run lint && node node_modules/.bin/taper tests/test-*.js',
46 silly resolved        lint: 'node node_modules/.bin/eslint lib/ *.js tests/ && echo Lint passed.' },
46 silly resolved     devDependencies:
46 silly resolved      { eslint: '0.5.1',
46 silly resolved        rimraf: '~2.2.8',
46 silly resolved        tape: '~3.0.0',
46 silly resolved        taper: '~0.3.0' },
46 silly resolved     gitHead: '7cdd75ec184868bba3be88a780bfb6e10fe33be4',
46 silly resolved     homepage: 'https://github.com/mikeal/request',
46 silly resolved     _id: 'request@2.46.0',
46 silly resolved     _shasum: '359195d52eaf720bc69742579d04ad6d265a8274',
46 silly resolved     _from: 'request@',
46 silly resolved     _npmVersion: '1.4.14',
46 silly resolved     _npmUser: { name: 'nylen', email: 'jnylen@gmail.com' },
46 silly resolved     maintainers: [ [Object], [Object] ],
46 silly resolved     dist:
46 silly resolved      { shasum: '359195d52eaf720bc69742579d04ad6d265a8274',
46 silly resolved        tarball: 'http://registry.npmjs.org/request/-/request-2.46.0.tgz' },
46 silly resolved     directories: {},
46 silly resolved     _resolved: 'https://registry.npmjs.org/request/-/request-2.46.0.tgz' } ]
47 info install request@2.46.0 into /usr/local/lib
48 info installOne request@2.46.0
49 verbose lib/node_modules/request unbuild
50 verbose tar unpack /Users/gregorengelmann/.npm/request/2.46.0/package.tgz
51 silly lockFile badd5118-r-local-lib-node-modules-request tar:///usr/local/lib/node_modules/request
52 verbose lock tar:///usr/local/lib/node_modules/request /Users/gregorengelmann/.npm/badd5118-r-local-lib-node-modules-request.lock
53 silly lockFile b1028209-n-npm-request-2-46-0-package-tgz tar:///Users/gregorengelmann/.npm/request/2.46.0/package.tgz
54 verbose lock tar:///Users/gregorengelmann/.npm/request/2.46.0/package.tgz /Users/gregorengelmann/.npm/b1028209-n-npm-request-2-46-0-package-tgz.lock
55 silly gunzTarPerm modes [ '755', '644' ]
56 error Error: EACCES, mkdir '/usr/local/lib/node_modules/request'
56 error  { [Error: EACCES, mkdir '/usr/local/lib/node_modules/request']
56 error   errno: 3,
56 error   code: 'EACCES',
56 error   path: '/usr/local/lib/node_modules/request',
56 error   fstream_type: 'Directory',
56 error   fstream_path: '/usr/local/lib/node_modules/request',
56 error   fstream_class: 'DirWriter',
56 error   fstream_stack:
56 error    [ '/usr/local/lib/node_modules/npm/node_modules/fstream/lib/dir-writer.js:36:23',
56 error      '/usr/local/lib/node_modules/npm/node_modules/mkdirp/index.js:46:53',
56 error      'Object.oncomplete (fs.js:107:15)' ] }
57 error Please try running this command again as root/Administrator.
58 error System Darwin 13.4.0
59 error command "node" "/usr/local/bin/npm" "install" "request" "-g"
60 error cwd /Users/gregorengelmann/Projects/Github/brumhack
61 error node -v v0.10.32
62 error npm -v 1.4.28
63 error path /usr/local/lib/node_modules/request
64 error fstream_path /usr/local/lib/node_modules/request
65 error fstream_type Directory
66 error fstream_class DirWriter
67 error code EACCES
68 error errno 3
69 error stack Error: EACCES, mkdir '/usr/local/lib/node_modules/request'
70 error fstream_stack /usr/local/lib/node_modules/npm/node_modules/fstream/lib/dir-writer.js:36:23
70 error fstream_stack /usr/local/lib/node_modules/npm/node_modules/mkdirp/index.js:46:53
70 error fstream_stack Object.oncomplete (fs.js:107:15)
71 verbose exit [ 3, true ]
